[debug] [2021-07-18T11:01:44.948Z] ----------------------------------------------------------------------
[debug] [2021-07-18T11:01:44.951Z] Command:       C:\Program Files\nodejs\node.exe C:\Users\harkanday\AppData\Roaming\npm\node_modules\firebase-tools\lib\bin\firebase.js init
[debug] [2021-07-18T11:01:44.952Z] CLI Version:   9.16.0
[debug] [2021-07-18T11:01:44.952Z] Platform:      win32
[debug] [2021-07-18T11:01:44.952Z] Node Version:  v14.17.1
[debug] [2021-07-18T11:01:44.953Z] Time:          Sun Jul 18 2021 12:01:44 GMT+0100 (West Africa Standard Time)
[debug] [2021-07-18T11:01:44.954Z] ----------------------------------------------------------------------
[debug] 
[debug] [2021-07-18T11:01:44.963Z] > command requires scopes: ["email","openid","https://www.googleapis.com/auth/cloudplatformprojects.readonly","https://www.googleapis.com/auth/firebase","https://www.googleapis.com/auth/cloud-platform"]
[debug] [2021-07-18T11:01:44.963Z] > authorizing via signed-in user (muhammedsodiq2018@gmail.com)
[info] 
     ######## #### ########  ######## ########     ###     ######  ########
     ##        ##  ##     ## ##       ##     ##  ##   ##  ##       ##
     ######    ##  ########  ######   ########  #########  ######  ######
     ##        ##  ##    ##  ##       ##     ## ##     ##       ## ##
     ##       #### ##     ## ######## ########  ##     ##  ######  ########

You're about to initialize a Firebase project in this directory:

  C:\Users\harkanday\Documents\101 project ideas\Map Api

[info] 
=== Project Setup
[info] 
[info] First, let's associate this project directory with a Firebase project.
[info] You can create multiple project aliases by running firebase use --add, 
[info] but for now we'll just set up a default project.
[info] 
[debug] [2021-07-18T11:05:13.527Z] >>> [apiv2][query] GET https://firebase.googleapis.com/v1beta1/availableProjects pageSize=100
[debug] [2021-07-18T11:05:15.596Z] <<< [apiv2][status] GET https://firebase.googleapis.com/v1beta1/availableProjects 200
[debug] [2021-07-18T11:05:15.597Z] <<< [apiv2][body] GET https://firebase.googleapis.com/v1beta1/availableProjects [omitted]
[debug] [2021-07-18T11:06:27.717Z] ----------------------------------------------------------------------
[debug] [2021-07-18T11:06:27.720Z] Command:       C:\Program Files\nodejs\node.exe C:\Users\harkanday\AppData\Roaming\npm\node_modules\firebase-tools\lib\bin\firebase.js init
[debug] [2021-07-18T11:06:27.721Z] CLI Version:   9.16.0
[debug] [2021-07-18T11:06:27.721Z] Platform:      win32
[debug] [2021-07-18T11:06:27.721Z] Node Version:  v14.17.1
[debug] [2021-07-18T11:06:27.722Z] Time:          Sun Jul 18 2021 12:06:27 GMT+0100 (West Africa Standard Time)
[debug] [2021-07-18T11:06:27.722Z] ----------------------------------------------------------------------
[debug] 
[debug] [2021-07-18T11:06:27.731Z] > command requires scopes: ["email","openid","https://www.googleapis.com/auth/cloudplatformprojects.readonly","https://www.googleapis.com/auth/firebase","https://www.googleapis.com/auth/cloud-platform"]
[debug] [2021-07-18T11:06:27.731Z] > authorizing via signed-in user (muhammedsodiq2018@gmail.com)
[info] 
     ######## #### ########  ######## ########     ###     ######  ########
     ##        ##  ##     ## ##       ##     ##  ##   ##  ##       ##
     ######    ##  ########  ######   ########  #########  ######  ######
     ##        ##  ##    ##  ##       ##     ## ##     ##       ## ##
     ##       #### ##     ## ######## ########  ##     ##  ######  ########

You're about to initialize a Firebase project in this directory:

  C:\Users\harkanday\Documents\101 project ideas\Map Api

[info] 
=== Project Setup
[info] 
[info] First, let's associate this project directory with a Firebase project.
[info] You can create multiple project aliases by running firebase use --add, 
[info] but for now we'll just set up a default project.
[info] 
[debug] [2021-07-18T11:06:52.004Z] >>> [apiv2][query] GET https://firebase.googleapis.com/v1beta1/projects pageSize=100
[debug] [2021-07-18T11:06:53.766Z] <<< [apiv2][status] GET https://firebase.googleapis.com/v1beta1/projects 200
[debug] [2021-07-18T11:06:53.767Z] <<< [apiv2][body] GET https://firebase.googleapis.com/v1beta1/projects [omitted]
[info] i  Using project weather-map-app-315918 (Weather-Map App) 
[info] 
=== Hosting Setup
[info] 
[info] Your public directory is the folder (relative to your project directory) that
[info] will contain Hosting assets to be uploaded with firebase deploy. If you
[info] have a build process for your assets, use your build's output directory.
[info] 
[debug] [2021-07-18T11:07:57.404Z] ----------------------------------------------------------------------
[debug] [2021-07-18T11:07:57.407Z] Command:       C:\Program Files\nodejs\node.exe C:\Users\harkanday\AppData\Roaming\npm\node_modules\firebase-tools\lib\bin\firebase.js init
[debug] [2021-07-18T11:07:57.407Z] CLI Version:   9.16.0
[debug] [2021-07-18T11:07:57.407Z] Platform:      win32
[debug] [2021-07-18T11:07:57.407Z] Node Version:  v14.17.1
[debug] [2021-07-18T11:07:57.409Z] Time:          Sun Jul 18 2021 12:07:57 GMT+0100 (West Africa Standard Time)
[debug] [2021-07-18T11:07:57.409Z] ----------------------------------------------------------------------
[debug] 
[debug] [2021-07-18T11:07:57.419Z] > command requires scopes: ["email","openid","https://www.googleapis.com/auth/cloudplatformprojects.readonly","https://www.googleapis.com/auth/firebase","https://www.googleapis.com/auth/cloud-platform"]
[debug] [2021-07-18T11:07:57.419Z] > authorizing via signed-in user (muhammedsodiq2018@gmail.com)
[info] 
     ######## #### ########  ######## ########     ###     ######  ########
     ##        ##  ##     ## ##       ##     ##  ##   ##  ##       ##
     ######    ##  ########  ######   ########  #########  ######  ######
     ##        ##  ##    ##  ##       ##     ## ##     ##       ## ##
     ##       #### ##     ## ######## ########  ##     ##  ######  ########

You're about to initialize a Firebase project in this directory:

  C:\Users\harkanday\Documents\101 project ideas\Map Api

[info] 
=== Project Setup
[info] 
[info] First, let's associate this project directory with a Firebase project.
[info] You can create multiple project aliases by running firebase use --add, 
[info] but for now we'll just set up a default project.
[info] 
[debug] [2021-07-18T11:08:10.092Z] >>> [apiv2][query] GET https://firebase.googleapis.com/v1beta1/projects pageSize=100
[debug] [2021-07-18T11:08:12.806Z] <<< [apiv2][status] GET https://firebase.googleapis.com/v1beta1/projects 200
[debug] [2021-07-18T11:08:12.806Z] <<< [apiv2][body] GET https://firebase.googleapis.com/v1beta1/projects [omitted]
[info] i  Using project weather-map-app-315918 (Weather-Map App) 
[info] 
=== Hosting Setup
[info] 
[info] Your public directory is the folder (relative to your project directory) that
[info] will contain Hosting assets to be uploaded with firebase deploy. If you
[info] have a build process for your assets, use your build's output directory.
[info] 
[debug] [2021-07-18T11:09:09.247Z] >>> [apiv2][query] GET https://www.gstatic.com/firebasejs/releases.json [none]
[debug] [2021-07-18T11:09:10.923Z] <<< [apiv2][status] GET https://www.gstatic.com/firebasejs/releases.json 200
[debug] [2021-07-18T11:09:10.924Z] <<< [apiv2][body] GET https://www.gstatic.com/firebasejs/releases.json {"current":{"version":"8.7.1","browserURL":"https://www.gstatic.com/firebasejs/8.7.1/firebase.js","packageURL":"https://www.gstatic.com/firebasejs/8.7.1/firebase.tgz"},"live":{"version":"8.7","browserURL":"https://www.gstatic.com/firebasejs/live/8.7/firebase.js","packageURL":"https://www.gstatic.com/firebasejs/live/8.7/firebase.tgz"},"components":{"analytics":"https://www.gstatic.com/firebasejs/8.7.1/firebase-analytics.js","app":"https://www.gstatic.com/firebasejs/8.7.1/firebase-app.js","app-check":"https://www.gstatic.com/firebasejs/8.7.1/firebase-app-check.js","auth":"https://www.gstatic.com/firebasejs/8.7.1/firebase-auth.js","database":"https://www.gstatic.com/firebasejs/8.7.1/firebase-database.js","firestore":"https://www.gstatic.com/firebasejs/8.7.1/firebase-firestore.js","functions":"https://www.gstatic.com/firebasejs/8.7.1/firebase-functions.js","installations":"https://www.gstatic.com/firebasejs/8.7.1/firebase-installations.js","messaging":"https://www.gstatic.com/firebasejs/8.7.1/firebase-messaging.js","storage":"https://www.gstatic.com/firebasejs/8.7.1/firebase-storage.js","performance":"https://www.gstatic.com/firebasejs/8.7.1/firebase-performance.js","remote-config":"https://www.gstatic.com/firebasejs/8.7.1/firebase-remote-config.js","firestore.memory":"https://www.gstatic.com/firebasejs/8.7.1/firebase-firestore.memory.js"}}
[info] i  Skipping write of public/index.html 
[info] 
[info] i  Didn't detect a .git folder. Assuming C:\Users\harkanday\Documents\101 project ideas\Map Api is the project root. 
[info] i  Authorizing with GitHub to upload your service account to a GitHub repository's secrets store. 
[info] 
[info] Visit this URL on this device to log in:
[info] https://github.com/login/oauth/authorize?client_id=89cf50f02ac6aaed3484&state=450820700&redirect_uri=http%3A%2F%2Flocalhost%3A9005&scope=read%3Auser%20repo%20public_repo
[info] 
[info] Waiting for authentication...
[debug] [2021-07-18T11:11:53.779Z] >>> HTTP REQUEST POST https://github.com/login/oauth/access_token  
 {"client_id":"89cf50f02ac6aaed3484","client_secret":"3330d14abc895d9a74d5f17cd7a00711fa2c5bf0","code":"e6f39366264bc91f9528","redirect_uri":"http://localhost:9005","state":"450820700"}
[debug] [2021-07-18T11:11:54.583Z] <<< HTTP RESPONSE 200 {"server":"GitHub.com","date":"Sun, 18 Jul 2021 11:26:07 GMT","content-type":"application/json; charset=utf-8","transfer-encoding":"chunked","vary":"X-PJAX, Accept-Encoding, Accept, X-Requested-With","permissions-policy":"interest-cohort=()","etag":"W/\"06c8d7c5cd6a515f8dac33cf84bce679\"","cache-control":"max-age=0, private, must-revalidate","strict-transport-security":"max-age=31536000; includeSubdomains; preload","x-frame-options":"deny","x-content-type-options":"nosniff","x-xss-protection":"0","referrer-policy":"origin-when-cross-origin, strict-origin-when-cross-origin","expect-ct":"max-age=2592000, report-uri=\"https://api.github.com/_private/browser/errors\"","content-security-policy":"default-src 'none'; base-uri 'self'; block-all-mixed-content; connect-src 'self' uploads.github.com www.githubstatus.com collector.githubapp.com api.github.com github-cloud.s3.amazonaws.com github-production-repository-file-5c1aeb.s3.amazonaws.com github-production-upload-manifest-file-7fdce7.s3.amazonaws.com github-production-user-asset-6210df.s3.amazonaws.com cdn.optimizely.com logx.optimizely.com/v1/events translator.github.com wss://alive.github.com; font-src github.githubassets.com; form-action 'self' github.com gist.github.com; frame-ancestors 'none'; frame-src render.githubusercontent.com render-temp.githubusercontent.com viewscreen.githubusercontent.com; img-src 'self' data: github.githubassets.com identicons.github.com collector.githubapp.com github-cloud.s3.amazonaws.com secured-user-images.githubusercontent.com/ *.githubusercontent.com; manifest-src 'self'; media-src 'none'; script-src github.githubassets.com; style-src 'unsafe-inline' github.githubassets.com; worker-src github.com/socket-worker-3f088aa2.js gist.github.com/socket-worker-3f088aa2.js","x-github-request-id":"D7ED:BA78:1AD60DA:1C3BDDF:60F40FCF"}
[debug] [2021-07-18T11:11:54.629Z] >>> [apiv2][query] GET https://api.github.com/user [none]
[debug] [2021-07-18T11:11:55.447Z] <<< [apiv2][status] GET https://api.github.com/user 200
[debug] [2021-07-18T11:11:55.448Z] <<< [apiv2][body] GET https://api.github.com/user {"login":"sodiq2000","id":48282579,"node_id":"MDQ6VXNlcjQ4MjgyNTc5","avatar_url":"https://avatars.githubusercontent.com/u/48282579?v=4","gravatar_id":"","url":"https://api.github.com/users/sodiq2000","html_url":"https://github.com/sodiq2000","followers_url":"https://api.github.com/users/sodiq2000/followers","following_url":"https://api.github.com/users/sodiq2000/following{/other_user}","gists_url":"https://api.github.com/users/sodiq2000/gists{/gist_id}","starred_url":"https://api.github.com/users/sodiq2000/starred{/owner}{/repo}","subscriptions_url":"https://api.github.com/users/sodiq2000/subscriptions","organizations_url":"https://api.github.com/users/sodiq2000/orgs","repos_url":"https://api.github.com/users/sodiq2000/repos","events_url":"https://api.github.com/users/sodiq2000/events{/privacy}","received_events_url":"https://api.github.com/users/sodiq2000/received_events","type":"User","site_admin":false,"name":null,"company":null,"blog":"","location":null,"email":null,"hireable":null,"bio":null,"twitter_username":null,"public_repos":16,"public_gists":0,"followers":0,"following":16,"created_at":"2019-03-06T11:50:14Z","updated_at":"2021-07-18T11:23:36Z","private_gists":0,"total_private_repos":0,"owned_private_repos":0,"disk_usage":321,"collaborators":0,"two_factor_authentication":false,"plan":{"name":"free","space":976562499,"collaborators":0,"private_repos":10000}}
[info] 
[info] +  Success! Logged into GitHub as sodiq2000 
[info] 
